2023-06-25T00:55:28.131+08:00  INFO 8236 --- [main] c.e.s.StartPracticeApplication           : Starting StartPracticeApplication using Java 18.0.1.1 with PID 8236 (C:\Practice1\target\classes started by Shenjiang in C:\Practice1)
2023-06-25T00:55:28.139+08:00  INFO 8236 --- [main] c.e.s.StartPracticeApplication           : No active profile set, falling back to 1 default profile: "default"
2023-06-25T00:55:29.067+08:00  INFO 8236 --- [main] o.s.b.w.embedded.tomcat.TomcatWebServer  : Tomcat initialized with port(s): 8081 (http)
2023-06-25T00:55:29.067+08:00  INFO 8236 --- [main] o.a.catalina.core.AprLifecycleListener   : An older version [1.2.36] of the Apache Tomcat Native library is installed, while Tomcat recommends a minimum version of [2.0.1]
2023-06-25T00:55:29.068+08:00  INFO 8236 --- [main] o.a.catalina.core.AprLifecycleListener   : Loaded Apache Tomcat Native library [1.2.36] using APR version [1.7.2].
2023-06-25T00:55:29.088+08:00  INFO 8236 --- [main] o.a.catalina.core.AprLifecycleListener   : OpenSSL successfully initialized [OpenSSL 1.1.1t  7 Feb 2023]
2023-06-25T00:55:29.096+08:00  INFO 8236 --- [main] o.apache.catalina.core.StandardService   : Starting service [Tomcat]
2023-06-25T00:55:29.096+08:00  INFO 8236 --- [main] o.apache.catalina.core.StandardEngine    : Starting Servlet engine: [Apache Tomcat/10.1.8]
2023-06-25T00:55:29.178+08:00  INFO 8236 --- [main] o.a.c.c.C.[Tomcat].[localhost].[/]       : Initializing Spring embedded WebApplicationContext
2023-06-25T00:55:29.178+08:00  INFO 8236 --- [main] w.s.c.ServletWebServerApplicationContext : Root WebApplicationContext: initialization completed in 977 ms
2023-06-25T00:55:29.680+08:00  INFO 8236 --- [main] o.s.b.a.w.s.WelcomePageHandlerMapping    : Adding welcome page: class path resource [static/index.html]
2023-06-25T00:55:29.830+08:00  INFO 8236 --- [main] o.s.b.w.embedded.tomcat.TomcatWebServer  : Tomcat started on port(s): 8081 (http) with context path ''
2023-06-25T00:55:29.839+08:00  INFO 8236 --- [main] c.e.s.StartPracticeApplication           : Started StartPracticeApplication in 2.183 seconds (process running for 3.407)
2023-06-25T00:55:43.409+08:00  INFO 8236 --- [http-nio-8081-exec-1] o.a.c.c.C.[Tomcat].[localhost].[/]       : Initializing Spring DispatcherServlet 'dispatcherServlet'
2023-06-25T00:55:43.410+08:00  INFO 8236 --- [http-nio-8081-exec-1] o.s.web.servlet.DispatcherServlet        : Initializing Servlet 'dispatcherServlet'
2023-06-25T00:55:43.412+08:00  INFO 8236 --- [http-nio-8081-exec-1] o.s.web.servlet.DispatcherServlet        : Completed initialization in 2 ms
2023-06-25T00:55:53.178+08:00  INFO 8236 --- [http-nio-8081-exec-3] com.zaxxer.hikari.HikariDataSource       : HikariPool-1 - Starting...
2023-06-25T00:55:53.483+08:00  INFO 8236 --- [http-nio-8081-exec-3] com.zaxxer.hikari.pool.HikariPool        : HikariPool-1 - Added connection com.mysql.cj.jdbc.ConnectionImpl@4e309c06
2023-06-25T00:55:53.486+08:00  INFO 8236 --- [http-nio-8081-exec-3] com.zaxxer.hikari.HikariDataSource       : HikariPool-1 - Start completed.
2023-06-25T00:58:17.437+08:00  INFO 8236 --- [SpringApplicationShutdownHook] com.zaxxer.hikari.HikariDataSource       : HikariPool-1 - Shutdown initiated...
2023-06-25T00:58:17.445+08:00  INFO 8236 --- [SpringApplicationShutdownHook] com.zaxxer.hikari.HikariDataSource       : HikariPool-1 - Shutdown completed.
2023-06-25T01:05:11.100+08:00  INFO 17840 --- [main] c.e.s.StartPracticeApplication           : Starting StartPracticeApplication using Java 18.0.1.1 with PID 17840 (C:\Practice1\target\classes started by Shenjiang in C:\Practice1)
2023-06-25T01:05:11.104+08:00  INFO 17840 --- [main] c.e.s.StartPracticeApplication           : No active profile set, falling back to 1 default profile: "default"
2023-06-25T01:05:12.102+08:00  INFO 17840 --- [main] o.s.b.w.embedded.tomcat.TomcatWebServer  : Tomcat initialized with port(s): 8081 (http)
2023-06-25T01:05:12.103+08:00  INFO 17840 --- [main] o.a.catalina.core.AprLifecycleListener   : An older version [1.2.36] of the Apache Tomcat Native library is installed, while Tomcat recommends a minimum version of [2.0.1]
2023-06-25T01:05:12.104+08:00  INFO 17840 --- [main] o.a.catalina.core.AprLifecycleListener   : Loaded Apache Tomcat Native library [1.2.36] using APR version [1.7.2].
2023-06-25T01:05:12.107+08:00  INFO 17840 --- [main] o.a.catalina.core.AprLifecycleListener   : OpenSSL successfully initialized [OpenSSL 1.1.1t  7 Feb 2023]
2023-06-25T01:05:12.117+08:00  INFO 17840 --- [main] o.apache.catalina.core.StandardService   : Starting service [Tomcat]
2023-06-25T01:05:12.117+08:00  INFO 17840 --- [main] o.apache.catalina.core.StandardEngine    : Starting Servlet engine: [Apache Tomcat/10.1.8]
2023-06-25T01:05:12.212+08:00  INFO 17840 --- [main] o.a.c.c.C.[Tomcat].[localhost].[/]       : Initializing Spring embedded WebApplicationContext
2023-06-25T01:05:12.213+08:00  INFO 17840 --- [main] w.s.c.ServletWebServerApplicationContext : Root WebApplicationContext: initialization completed in 1018 ms
2023-06-25T01:05:12.636+08:00  INFO 17840 --- [main] o.s.b.a.w.s.WelcomePageHandlerMapping    : Adding welcome page: class path resource [static/index.html]
2023-06-25T01:05:12.782+08:00  INFO 17840 --- [main] o.s.b.w.embedded.tomcat.TomcatWebServer  : Tomcat started on port(s): 8081 (http) with context path ''
2023-06-25T01:05:12.791+08:00  INFO 17840 --- [main] c.e.s.StartPracticeApplication           : Started StartPracticeApplication in 2.397 seconds (process running for 3.398)
2023-06-25T01:05:30.919+08:00  INFO 17840 --- [http-nio-8081-exec-3] o.a.c.c.C.[Tomcat].[localhost].[/]       : Initializing Spring DispatcherServlet 'dispatcherServlet'
2023-06-25T01:05:30.920+08:00  INFO 17840 --- [http-nio-8081-exec-3] o.s.web.servlet.DispatcherServlet        : Initializing Servlet 'dispatcherServlet'
2023-06-25T01:05:30.921+08:00  INFO 17840 --- [http-nio-8081-exec-3] o.s.web.servlet.DispatcherServlet        : Completed initialization in 1 ms
2023-06-25T01:05:31.006+08:00  INFO 17840 --- [http-nio-8081-exec-3] com.zaxxer.hikari.HikariDataSource       : HikariPool-1 - Starting...
2023-06-25T01:05:31.289+08:00  INFO 17840 --- [http-nio-8081-exec-3] com.zaxxer.hikari.pool.HikariPool        : HikariPool-1 - Added connection com.mysql.cj.jdbc.ConnectionImpl@1fdf0fd1
2023-06-25T01:05:31.291+08:00  INFO 17840 --- [http-nio-8081-exec-3] com.zaxxer.hikari.HikariDataSource       : HikariPool-1 - Start completed.
2023-06-25T01:05:51.604+08:00  INFO 17840 --- [SpringApplicationShutdownHook] com.zaxxer.hikari.HikariDataSource       : HikariPool-1 - Shutdown initiated...
2023-06-25T01:05:51.614+08:00  INFO 17840 --- [SpringApplicationShutdownHook] com.zaxxer.hikari.HikariDataSource       : HikariPool-1 - Shutdown completed.
